<?xml version="1.0" encoding="UTF-8"?>
<!-- Generated by org.testng.reporters.JUnitReportReporter -->
<testsuite hostname="LAPTOP-AVFG8GHG" failures="0" tests="1" name="testcases.LoginpageTest" time="11.976" errors="0" timestamp="2023-02-13T13:47:59 IST" skipped="0">
  <testcase classname="testcases.LoginpageTest" name="validlogincredentials" time="11.976"/>
  <system-out/>
</testsuite> <!-- testcases.LoginpageTest -->
