<?xml version="1.0" encoding="UTF-8"?>
<!-- Generated by org.testng.reporters.JUnitReportReporter -->
<testsuite hostname="LAPTOP-AVFG8GHG" failures="0" tests="1" name="testcases.Admintestcases" time="18.097" errors="0" timestamp="2023-02-13T13:06:30 IST" skipped="0">
  <testcase classname="testcases.Admintestcases" name="toverifyusername" time="18.097"/>
  <system-out/>
</testsuite> <!-- testcases.Admintestcases -->
