<?xml version="1.0" encoding="UTF-8"?>
<!-- Generated by org.testng.reporters.JUnitReportReporter -->
<testsuite hostname="LAPTOP-AVFG8GHG" failures="0" tests="1" name="testcases.Dashboardlogintestcase" time="14.733" errors="0" timestamp="2023-02-13T13:07:18 IST" skipped="0">
  <testcase classname="testcases.Dashboardlogintestcase" name="dashboardpage" time="14.733"/>
  <system-out/>
</testsuite> <!-- testcases.Dashboardlogintestcase -->
