<?xml version="1.0" encoding="UTF-8"?>
<!-- Generated by org.testng.reporters.JUnitReportReporter -->
<testsuite hostname="LAPTOP-AVFG8GHG" failures="0" tests="2" name="testcases.Leavemoduletestcases" time="29.466" errors="0" timestamp="2023-02-13T13:07:55 IST" skipped="0">
  <testcase classname="testcases.Leavemoduletestcases" name="login" time="11.672"/>
  <system-out/>
  <testcase classname="testcases.Leavemoduletestcases" name="leavemodule" time="17.794"/>
  <system-out/>
</testsuite> <!-- testcases.Leavemoduletestcases -->
