<?xml version="1.0" encoding="UTF-8"?>
<!-- Generated by org.testng.reporters.JUnitReportReporter -->
<testsuite hostname="LAPTOP-AVFG8GHG" failures="0" tests="1" name="filehandling.propertiesFileDemo" time="0.014" errors="0" timestamp="2023-02-13T08:54:09 IST" skipped="0">
  <testcase classname="filehandling.propertiesFileDemo" name="testpropertiesfile" time="0.014"/>
  <system-out/>
</testsuite> <!-- filehandling.propertiesFileDemo -->
